[   0.00000] Linuversion 4.15.064-generic (buildd@lgw01-amd64-038) (cc verion 7.4.0 (Ubuntu7.4.0-1ubunt1~8.04.1))#73-Ubunu SMP Thu Sep 12 13:16:13 UT 2019 (Ubunu 4.15.0-64.7-gneric 4.15.8)
[   0.00000] Command line: BOOT_IMAGE=/boot/vmlinuz-4.15.0-64-generic root=UUID=1f736b6f-1f72-404f-b646-22a765a221c8 ro console=tty1 console=ttyS0
[    0.000000] KERNEL supported cpus:
[    0.000000]   Intel GenuineIntel
[    0.000000]   MD AuthenticAM
[   0.00000]   Cntaur entaurHauls
[    0.00000]x86/fp: Suporting XSAV feature 0x001: 'x87floating oint regstrs'
[    0.00000] x6/fpu: SpportingXSAVVE fatre 0x02: 'SSE regites'
[   0.00000] x86fpu: Supporting XSAVE feature 0x004: 'AVX registers'
[    0.000000] x86/fpu: xstate_offset[2]:  576, xstate_sizes[2]:  256
[    0.000000] x86/fu: Enabled xstate features 0x7, context size is 832 bytes, using 'standard' format.
[    0.000000] e820: BOS-provided hysical RAM ma:
[   0.00000] BIOS-e20: [mm 0x000000000000000-0x00000000009fff] usbl
[    0.000000]BIOS-e82: [mem 0x000000000009fc00-0x0000000000ffff] reseved
[    0.000000] BIOS-e820: [mm 0x000000000f0000-0x0000000000ffff] eserved
[    0.00000] BIOS-e820: [mem 0x0000000000100000-0x000000003ffeffff] usable
[    0.000000] BIOS-e820: [mem 0x000000003fff0000-0x000000003fffffff] ACPI data
[    0.000000] BIOS-e820: [mem 0x00000000fec00000-0x00000000fec00fff] reserved
[    0.000000] BIOS-e820: [mem 0x00000000fee00000-0x00000000fee00fff] reserved
[    0.000000] BIOS-e820: [mem 0x00000000fffc0000-0x00000000ffffffff] reserved
[    0.000000] NX (Execute Disable) rotection: active
[   0.000000] SMIOS 2.5 resent.
[    0.00000] DMI:innotek GmbH VirtualBox/VrtualBox BOS ViruaBox 12/0/2006
[   0.000000] Hypervsor detecte: KVM
[   0.000000 e820: lst_pfn = 0xfff0 mx_arch_pn = 0x400000000
[    0.00000] MTRR: isabled
[    0.000000 x86/PAT: MTRRs disabled, skipping PAT initialization oo

[   0.000000] CPU MTRRs all bank -virtualize syste.
[    0.00000] x86/AT: Confguration [0-]:  WB  W  UC- C  WB  WT  UC- UC  
[   0.00000] found SMP MP-tabe at [em 0x000fff0-0x000ffff][    0.00000] Scanning 1 areas for low memory corruption
[    0.00000] RAMDISK: [mem 0x35981000-0x36cb7fff]
[    0.000000] ACPI: Early table checksum verification disabled
[    0.000000] ACPI: RSDP 0x00000000000E0000 000024 v02 VBOX  )
[   0.00000] ACPI:XSDT0x00000003FFF0030 00003C (v01 VBOX   VBOXXSDT 0000001 SL  0000061)
    0.00000] API FACP 0x000000003FFF00F0 00004 (v04 VBOX  VBOXFAP 0000001 ASL  000061)
[    0.000000] CPI: DSD 0000000003FFF0470 002FF (v02 VBOX   VBOXBIOS 00000002 INTL 20100528)
[    0.000000] ACPI: FAS 0x00000003FF0200 0040
[   0.000000] CPI: FACS 0x00000003FF0200000040
[    0.00000] ACPI: APIC x0000000FFF0240 00005C (v02 VBOX   VBOXAPIC 00000001 ASL  0000061)
[   0.00000] ACI: SSDT 0x00000000FFF0A0 000CC(v01 VBOX  VBOXCPUT 00000002 INTL 20100528)
[    0.000000] No NUMA configuration found
[    0.000000] Faking a node at[mem 00000000000000-0x00000003ffefff
[   0.000000] NDE_DATA(0) alocted me 0x3ffc5000-0x3feffff]
[    0.000000] kvm-clck cpu 0, msr 0:3ff44001, primary cpu clock
[    0.000000] kvm-clock: Usig srs 4b564d01and 4b564d00[     000000] kv-cock: usin sched offst of 427826266 cyces
[    0.000000] clocksource: kvm-clock: mask: 0xffffffffffffffff max_cycles:0x1cd42e4dffb, max_idle_ns: 881590591483 ns
[    0.00000] Zone ranges:
[   .000000]   DMA    [mem 0x00000000000100-0x000000000ffffff]
[    0.000000]   DMA32    [mem 0x0000000001000000-0x000000003ffeffff]
[    0.000000]  Normal  emty
[   0.000000]  Device   empty
[    0.000000] Movable zone start for each node
[    0.000000] Early memory node ranges
[    0.000000]   node   0: [mem 0x0000000000001000-0x000000000009efff]
[    0.000000]   noe   0: [mem 0x0000000000100000-0x000000003ffeffff]
[    0.000000] Reserved but unavailable: 98 pages
[    0.000000] Initmem setup node 0 [mem 0x000000000001000-0x000000003ffeffff]
[    0.000000] ACPI: PM-Timer IO Port: 0x4008
[    0.000000] IOAPIC[0]: apic_id 2, vesion 32, address 0xfec00000, GSI 0-23
[    0.000000] ACPI: INT_SRC_OVR (bus 0 bus_irq 0 global_irq 2 dfl dfl)
[    0.000000] ACPI: INT_SRC_OVR (bus 0 bus_irq 9 global_irq 9 low level)
[    0.000000] Using ACPI (MAD) for SMP configuration information
[    0.000000] smpboot: Allowing 2 CPUs, 0 hotplug CPUs
[   0.000000] PM: Registered nosave memory: [mem 0x00000000-0x00000fff]
[    0.000000] PM: Registered nosave memory: [mem 0x0009f000-0x0009ffff]
[    0.000000] PM: Registered nosave memory [mem 0x000a0000-0x000effff]
[    0.000000] PM: Registered nosave memory: [mem 0x000f0000-0x000fffff]
[    0.000000] e820: [mem 0x40000000-0xfebfffff] available for PCI devices
[    0.000000] Booting paravirtualizd kernel on KVM
[    0.000000] clocksource: refined-jiffies: mask: 0xffffffff max_cycles: 0xffffffff, max_idle_ns: 7645519600211568 ns
[    0.000000] random: get_random_bytes called from start_kernel+0x99/0x4fd with  crng_init=0
[    0.000000] setup_percpu: NR_CPUS:8192 nr_cpumask_bits:2 nrcpu_ids:2 nr_node_ids:1
[    0.000000] percpu: Embedded 46 pages/cpu s15152 r8192 d28672 u1048576
[    0.000000] PV qspinlock hash table entries: 256 (order: 0, 4096 bytes)
[    0.000000] Built 1 zonelists, obility grouping on.  Total pages: 257913
[    0.00000] Policy zone: DMA32
[    0.000000] Kernel command line: BOOT_IMAGE=/boot/vmlinuz-4.15.0-64-generic root=UUID=1f736b6f-1f72-404f-b646-22a765a221c8 ro console=tty1 console=ttyS0
[    0.000000] Memory: 982908K/1048120K available (12300K kernel code, 2481K rwdata, 4172K rodata, 2436K init, 2384K bss, 65212K reserved, 0K cma-reserved)
[    0.000000] SLUB: HWalign=64, Order=0-3, MinObjects=0, CPUs=2, Nodes=1
[    0.000000] Kernel/User page tables isolation: enabled
[    0.000000] ftrace: allocating 39306 entries in 154 pages
[    0.004000] Hierarchical RCU implementation.
[    0.004000] 	RCU restricting CPUs from NR_CPUS=8192 to nr_cpu_ids=2.
[    0.004000] 	Tasks RCU enabled.
[    0.004000] RCU: Adjusting geometry for rcu_fanout_leaf=16, nr_cpu_ids=2
[    0.004000] NR_IRQS: 524544, nr_irqs: 440, preallocated irqs: 16
[    0.004000] Console: colour VGA+ 80x25
[    0.004000] console [tty1] enabled
[    0.004000] console [ttyS0] enabled
[    0.004000] ACPI: Core revision 20170831
[    0.004000] ACPI: 2 ACPI AML tables successfully acquired and loaded
[    0.004000] APIC: Switch to symmetric I/O mode setup
[    0.004554] x2apic enabled
[    0.008007] Switched APIC routing to physical x2apic.
[    0.013586] ..TIMER: vector=0x30 apic1=0 pin1=2 apic2=-1 pin2=-1
[    0.016067] tsc: Detected 2207.998 MHz processor
[    0.020168] Calibrating delay loop (skipped) preset value.. 4415.99 BogoMIPS (lpj=8831992)
[    0.024008] pid_max: default: 32768 minimum: 301
[    0.028084] Security Framework initialized
[    0.032007] Yama: becoming mindful.
[    0.036067] AppArmor: AppArmor initialized
[    0.044054] Dentry cache hash table entries: 131072 (order: 8, 1048576 bytes)
[    0.048367] Inode-cache hash table entries: 65536 (order: 7, 524288 bytes)
[    0.052111] Mount-cache hash table entries: 2048 (order: 2, 16384 bytes)
[    0.056018] Mountpoint-cache hash table entries: 2048 (order: 2, 16384 bytes)
[    0.060642] Last level iTLB entries: 4KB 64, 2MB 8, 4MB 8
[    0.064033] Last level dTLB entries: 4KB 64, 2MB 0, 4MB 0, 1GB 4
[    0.068013] Spectre V1 : Mitigation: usercopy/swapgs barriers and __user pointer sanitization
[    0.072010] Spectre V2 : Mitigation: Full generic retpoline
[    0.076008] Spectre V2 : Spectre v2 / SpectreRSB mitigation: Filling RSB on context switch
[    0.080009] Speculative Store Bypass: Vulnerable
[    0.084065] MDS: Mitigation: Clear CPU buffers
[    0.088366] Freeing SMP alternatives memory: 36K
[    0.100000] smpboot: CPU0: Intel(R) Core(TM) i7-8750H CPU @ 2.20GHz (family: 0x6, model: 0x9e, stepping: 0xa)
[    0.100109] Performance Events: unsupported p6 CPU model 158 no PMU driver, software events only.
[    0.104076] Hierarchical SRCU implementation.
[    0.109101] NMI watchdog: Perf event create on CPU 0 failed with -2
[    0.112010] NMI watchdog: Perf NMI watchdog permanently disabled
[    0.116086] smp: Bringing up secondary CPUs ...
[    0.120130] x86: Booting SMP configuration:
[    0.124008] .... node  #0, CPUs:      #1
[    0.004000] kvm-clock: cpu 1, msr 0:3ff44041, secondary cpu clock
[    0.163208] smp: Brought up 1 node, 2 CPUs
[    0.164013] smpboot: Max logical packages: 1
[    0.166358] smpboot: Total of 2 processors activated (8831.99 BogoMIPS)
[    0.168209] devtmpfs: initialized
[    0.172129] x86/mm: Memory block size: 128MB
[    0.176248] evm: security.selinux
[    0.180007] evm: security.SMACK64
[    0.184007] evm: security.SMACK64EXEC
[    0.188008] evm: security.SMACK64TRANSMUTE
[    0.190473] evm: security.SMACK64MMAP
[    0.192008] evm: security.apparmor
[    0.196008] evm: security.ima
[    0.200005] evm: security.capability
[    0.202551] clocksource: jiffies: mask: 0xffffffff max_cycles: 0xffffffff, max_idle_ns: 7645041785100000 ns
[    0.204061] futex hash table entries: 512 (order: 3, 32768 bytes)
[    0.212028] pinctrl core: initialized pinctrl subsystem
[    0.216149] RTC time: 23:42:47, date: 09/22/19
[    0.220008] NET: Registered protocol family 16
[    0.224239] audit: initializing netlink subsys (disabled)
[    0.227764] audit: type=2000 audit(1569195762.565:1): state=initialized audit_enabled=0 res=1
[    0.236024] cpuidle: using governor ladder
[    0.240023] cpuidle: using governor menu
[    0.244082] ACPI: bus type PCI registered
[    0.248011] acpiphp: ACPI Hot Plug PCI Controller Driver version: 0.5
[    0.252307] PCI: Using configuration type 1 for base access
[    0.260108] HugeTLB registered 2.00 MiB page size, pre-allocated 0 pages
[    0.264141] ACPI: Added _OSI(Module Device)
[    0.266255] ACPI: Added _OSI(Processor Device)
[    0.268024] ACPI: Added _OSI(3.0 _SCP Extensions)
[    0.272021] ACPI: Added _OSI(Processor Aggregator Device)
[    0.275404] ACPI: Added _OSI(Linux-Dell-Video)
[    0.276011] ACPI: Added _OSI(Linux-Lenovo-NV-HDMI-Audio)
[    0.280013] ACPI: Added _OSI(Linux-HPI-Hybrid-Graphics)
[    0.284950] ACPI: Executed 1 blocks of module-level executable AML code
[    0.297347] ACPI: Interpreter enabled
[    0.300062] ACPI: (supports S0 S5)
[    0.304007] ACPI: Using IOAPIC for interrupt routing
[    0.307236] PCI: Using host bridge windows from ACPI; if necessary, use "pci=nocrs" and report a bug
[    0.308475] ACPI: Enabled 2 GPEs in block 00 to 07
[    0.325087] ACPI: PCI Root Bridge [PCI0] (domain 0000 [bus 00-ff])
[    0.328018] acpi PNP0A03:00: _OSC: OS supports [ASPM ClockPM Segments MSI]
[    0.332055] acpi PNP0A03:00: _OSC: not requesting OS control; OS requires [ExtendedConfig ASPM ClockPM MSI]
[    0.336033] acpi PNP0A03:00: fail to add MMCONFIG information, can't access extended PCI configuration space under this bridge.
[    0.341058] PCI host bridge to bus 0000:00
[    0.343411] pci_bus 0000:00: root bus resource [io  0x0000-0x0cf7 window]
[    0.344012] pci_bus 0000:00: root bus resource [io  0x0d00-0xffff window]
[    0.348013] pci_bus 0000:00: root bus resource [mem 0x000a0000-0x000bffff window]
[    0.352013] pci_bus 0000:00: root bus resource [mem 0x40000000-0xfdffffff window]
[    0.356014] pci_bus 0000:00: root bus resource [bus 00-ff]
[    0.367625] pci 0000:00:01.1: legacy IDE quirk: reg 0x10: [io  0x01f0-0x01f7]
[    0.368012] pci 0000:00:01.1: legacy IDE quirk: reg 0x14: [io  0x03f6]
[    0.372011] pci 0000:00:01.1: legacy IDE quirk: reg 0x18: [io  0x0170-0x0177]
[    0.376011] pci 0000:00:01.1: legacy IDE quirk: reg 0x1c: [io  0x0376]
[    0.410057] pci 0000:00:07.0: quirk: [io  0x4000-0x403f] claimed by PIIX4 ACPI
[    0.412049] pci 0000:00:07.0: quirk: [io  0x4100-0x410f] claimed by PIIX4 SMB
[    0.431056] ACPI: PCI Interrupt Link [LNKA] (IRQs 5 9 10 *11)
[    0.432699] ACPI: PCI Interrupt Link [LNKB] (IRQs 5 9 *10 11)
[    0.436334] ACPI: PCI Interrupt Link [LNKC] (IRQs 5 *9 10 11)
[    0.440312] ACPI: PCI Interrupt Link [LNKD] (IRQs 5 9 10 *11)
[    0.444873] SCSI subsystem initialized
[    0.448160] pci 0000:00:02.0: vgaarb: setting as boot VGA device
[    0.452000] pci 0000:00:02.0: vgaarb: VGA device added: decodes=io+mem,owns=io+mem,locks=none
[    0.452013] pci 0000:00:02.0: vgaarb: bridge control possible
[    0.456009] vgaarb: loaded
[    0.460058] ACPI: bus type USB registered
[    0.462284] usbcore: registered new interface driver usbfs
[    0.464043] usbcore: registered new interface driver hub
[    0.468059] usbcore: registered new device driver usb
[    0.472171] EDAC MC: Ver: 3.0.0
[    0.476555] PCI: Using ACPI for IRQ routing
[    0.480806] NetLabel: Initializing
[    0.482752] NetLabel:  domain hash size = 128
[    0.484008] NetLabel:  protocols = UNLABELED CIPSOv4 CALIPSO
[    0.488118] NetLabel:  unlabeled traffic allowed by default
[    0.492297] clocksource: Switched to clocksource kvm-clock
[    0.524550] VFS: Disk quotas dquot_6.6.0
[    0.526696] VFS: quot-cach hash able entres 512 (order 0, 4096 bytes)
[    0.676120] AppArmor: AppArmor Filesyst Enabled
[    0.754519] pnp: PnP ACPI init
[    0.763190] pnp: PnP ACI: found 3 devces

[    0.93306] clocksource: acpi_pm: mask: 0xffffff max_cycles: 0xfffff, max_idle_ns: 2085701024 ns
[    1.019093] NET: Registered potcol family 2

[    1.100989] TCP established hash table entries: 8192 (order: 4, 65536 bytes)
[    1.110052] TCP bind hash table entries: 8192 (order: 5, 131072 bytes)
[    1.113144] TCP: Hash tables configured (established 8192 bind 8192)[    1.187616] UDP hash table entries: 512 (order: 2, 16384 bytes)
[    1.224354] UDP-Lite hash table entries: 512 (order: 2, 164 ytes)
    3339 NT: Registered protocol family 1
[    1.527294] pci 0000:00:00.0: Limiting direct PCI/PCI transfers
[    530694] pci 0000:00:01.0: Actiating ISA DMA ang workarounds
[    1.651283] pci 0000:00:02.0: deo device ith sadowed ROM at [mem 0x000c0000-0x000dffff]
[   17856] Unacking initramfs...

[    2.596211] Freeing initrd memory: 19676K
[    2.609610] clocksource: tsc: mask: 0xffffffffffffffff max_cycles: 0x1fd3b6211b4, max_idle_ns: 440795230313 ns
[    2.627605] platform rtc_cmos: registered platform RTC device (no PNP device found)
[    2.636039] Scanning for low memory corruption every 60 seconds
[    2.642923] Initialise system trusted keyrings
[    2.648386] Key type blacklist registered
[    2.661344] workingset: timestamp_bits=36 max_order=18 bucket_order=0
[    2.670397] zbud: loaded
[    2.675960] squashfs: version 4.0 (2009/01/31) Phillip Lougher
[    2.682184] fuse init (API version 7.26)
[    2.701330] Key type asymmetric registered
[    2.710153] Asymmetric key parser 'x509' registered
[    2.714553] Block layer SCSI generic (bsg) driver version 0.4 loaded (major 246)
[    2.722243] io scheduler noop registered
[    2.725545] io scheduler deadline registered
[    2.730202] io scheduler cfq registered (default)
[    2.740172] ACPI: AC Adapter [AC] (on-line)
[    2.765303] input: Power Button as /devices/LNXSYSTM:00/LNXPWRBN:00/input/input0
[    2.835327] ACPI: Power Button [PWRF]
[    2.850685] input: Sleep Button as /devices/LNXSYSTM:00/LNXSLPBN:00/input/input1
[    2.91287 ACPI: Sleep Button [SLPF]

[    3.000040] Serial: 8250/16550 driver, 32 ports, IRQ sharing enabled
[    3.002121] ACPI: Battery Slot [BAT0] (battery present)
[    3.037669] 00:02: ttyS0 at I/O 0x3f8 (irq = 4, base_baud = 115200) is a 16550A
[    3.050960] Linux agpgart interface v0.103
[    3.065021] loop: module loaded
[    3.070531] scsi host0: ata_piix
[    3.073606] scsi host1: ata_piix
[    3.076677] ata1: PATA max UDMA/33 cmd 0x1f0 ctl 0x3f6 bmdma 0xd000 irq 14
[    3.081628] ata2: PATA max UDMA/33 cmd 0x170 ctl 0x376 bmdma 0xd008 irq 15
[    3.087676]libphy: Fixe MDIO Bus: probed
[    3.245683] tun: Universal TUN/TAPdeic driver, 1.6
[    3.371958] PPP generic driver version 2.4.2
[    3.375260] ehci_hcd: USB 2.0 'Enhanced' Host Controller (EHCI) Driver
[    3.379528] ehci-pci: EHCI PCI platform driver
[    3.382172] ehci-platfor EHCI generic platform driver
[    3.479192] ohci_hcd: USB 1.1 'Open' Host Controller (OHCI) Driver
[    3.484612] ohci-pci: OHCI PCI platform driver
[    3.490879] ohci-platform: OHCI generic platform driver
[    3.495618] uhci_hcd: USB Universal Host Controller Interface driver
[    3.501097] i8042: PNP: PS/2 Controller [PNP0303:PSK,PNP0f03:PS2M] at 0x60,0x64 irq 1,12
[    3.587808] serio: i8042 KBD port at 0x60,0x64 irq 1
[    3.593783] serio: i8042 AUX port at 0x60,0x64 irq 12
[    3.643411] mousedev: PS/2 mouse device common for all mice
[    3.655638] input: AT Translated Set 2 keyboard as /devices/platform/i8042/serio0/input/input2
[    3.665844] rtc_cmos rtc_cmos: rtc core: registered rtc_cmos as rtc0
[    3.671087] rtc_cmos rtc_cmos: alarms up to one day, 114 bytes nvram
[    3.675109] i2c /dev entries driver
[    3.677347] device-mapper: uevent: version 1.0.3
[    3.680509] device-mapper: ioctl: 4.37.0-ioctl (2017-09-20) initialised: dm-devel@redhat.com
[    3.699230] ledtrig-cpu: registered to indicate activity on CPUs
[    3.706381] NET: Registered protocol family 10
[    3.739243] Segment Routing with IPv6
[    3.747716] NET: Registered protocol family 17
[    3.750900] Key type dns_resolver registered
[    3.754471] mce: Using 0 MCE banks
[    3.756496] RAS: Correctable Errors collector initialized.
[    3.760103] sched_clock: Marking stable (3756446690, 0)->(15218678717, -11462232027)
[    3.767880] registered taskstats version 1
[    3.770578] Loading compiled-in X.509 certificates
[    3.781443] Loaded X.509 cert 'Build time autogenerated kernel key: 9ff85db0b1f72c0c954e4d2eaca5a9366845820b'
[    3.793643] zswap: loaded using pool lzo/zbud
[    3.812438] Key type big_key registered
[    3.814868] Key type trusted registered
[    3.820845] Key type encrypted registered
[    3.824572] AppArmor: AppArmor sha1 policy hashing enabled
[    3.827932] ima: No TPM chip found, activating TPM-bypass! (rc=-19)
[    3.831786] ima: Allocated hash algorithm: sha1
[    3.835994] evm: HMAC attrs: 0x1
[    3.838592]   Magic number: 3:797:757
[    3.840905] tty ttyS8: hash matches
[    3.843286] rtc_cmos rtc_cmos: setting system clock to 2019-09-22 23:42:51 UTC (1569195771)
[    3.848886] BIOS EDD facility v0.16 2004-Jun-25, 0 devices found
[    3.862414] EDD information not available.
[    3.868964] Freeing unused kernel image memory: 2436K
[    3.892585] Write protecting the kernel read-only data: 20480k
[    3.899673] Freeing unused kernel image memory: 2008K
[    3.903557] Freeing unused kernel image memory: 1972K
[    3.916359] x86/mm: Checked W+X mappings: passed, no W+X pages found.
[    3.919804] x86/mm: Checking user space page tables
[    3.932820] x86/mm: Checked W+X mappings: passed, no W+X pages found.
Loading, please wait...
starting version 237
[    4.114329] Fusion MPT base driver 3.04.20
[    4.117702] Copyright (c) 1999-2008 LSI Corporation
[    4.129721] e1000: Intel(R) PRO/1000 Network Driver - version 7.3.21-k8-NAPI
[    4.134029] e1000: Copyright (c) 1999-2006 Intel Corporation.
[    4.164863] AVX2 version of gcm_enc/dec engaged.
[    4.167778] AES CTR mode by8 optimization enabled
[    4.184433] Fusion MPT SPI Host driver 3.04.20
[    4.334287] input: ImExPS/2 Generic Explorer Mouse as /devices/platform/i8042/serio1/input/input4
[    4.789476] e1000 0000:00:03.0 eth0: (PCI:33MHz:32-bit) 02:19:d6:3c:94:c8
[    4.793756] e1000 0000:00:03.0 eth0: Intel(R) PRO/1000 Network Connection
[    4.800477] mptbase: ioc0: Initiating bringup
[    4.801828] e1000 0000:00:03.0 enp0s3: renamed from eth0
[    5.180185] ioc0: LSI53C1030 A0: Capabilities={Initiator}
[    6.656322] scsi host2: ioc0: LSI53C1030 A0, FwRev=00000000h, Ports=1, MaxQ=256, IRQ=20
[    8.068554] scsi 2:0:0:0: Direct-Access     VBOX     HARDDISK         1.0  PQ: 0 ANSI: 5
[    8.116583] scsi target2:0:0: Beginning Domain Validation
[    8.144463] scsi target2:0:0: Domain Validation skipping write tests
[    8.211795] scsi target2:0:0: Ending Domain Validation
[    8.215296] scsi target2:0:0: asynchronous
[    8.218448] random: fast init done
[    8.256972] scsi 2:0:1:0: Direct-Access     VBOX     HARDDISK         1.0  PQ: 0 ANSI: 5
[    8.292318] scsi target2:0:1: Beginning Domain Validation
[    8.351886] scsi target2:0:1: Domain Validation skipping write tests
[    8.371132] scsi target2:0:1: Ending Domain Validation
[    8.385023] scsi target2:0:1: asynchronous
[    8.413380] random: systemd-udevd: uninitialized urandom read (16 bytes read)
[    8.473322] random: systemd-udevd: uninitialized urandom read (16 bytes read)
[    8.473383] sd 2:0:0:0: Attached scsi generic sg0 type 0
[    8.490564] random: systemd-udevd: uninitialized urandom read (16 bytes read)
[    8.525741] sd 2:0:0:0: [sda] 20971520 512-byte logical blocks: (10.7 GB/10.0 GiB)
[    8.526620] sd 2:0:1:0: Attached scsi generic sg1 type 0
[    8.554416] sd 2:0:0:0: [sda] Write Protect is off
[    8.563765] sd 2:0:1:0: [sdb] 20480 512-byte logical blocks: (10.5 MB/10.0 MiB)
[    8.564111] sd 2:0:0:0: [sda] Incomplete mode parameter data
[    8.585081] sd 2:0:0:0: [sda] Assuming drive cache: write through
[    9.226502] sd 2:0:1:0: [sdb] Write Protect is off
[    9.228577]  sda: sda1
[    9.321521] sd 2:0:1:0: [sdb] Incomplete mode parameter data
[    9.321942] sd 2:0:0:0: [sda] Attached SCSI disk
[    9.348604] sd 2:0:1:0: [sdb] Assuming drive cache: write through
[    9.443512] sd 2:0:1:0: [sdb] Attached SCSI disk
Begin: Loading essential drivers ... [   11.052387] raid6: sse2x1   gen()  6736 MB/s
[   11.112201] raid6: sse2x1   xor()  5239 MB/s
[   11.208061] raid6: sse2x2   gen()  8253 MB/s
[   11.320250] raid6: sse2x2   xor()  6021 MB/s
[   11.404238] raid6: sse2x4   gen()  9779 MB/s
[   11.484265] raid6: sse2x4   xor()  6112 MB/s
[   11.540582] raid6: avx2x1   gen() 14682 MB/s
[   11.600166] raid6: avx2x1   xor() 10083 MB/s
[   11.668315] raid6: avx2x2   gen() 17202 MB/s
[   11.768238] raid6: avx2x2   xor() 11036 MB/s
[   11.860022] raid6: avx2x4   gen() 18299 MB/s
[   11.936550] raid6: avx2x4   xor() 12032 MB/s
[   11.972842] raid6: using algorithm avx2x4 gen() 18299 MB/s
[   12.000695] raid6: .... xor() 12032 MB/s, rmw enabled
[   12.003171] raid6: using avx2x2 recovery algorithm
[   12.027183] xor: automatically using best checksumming function   avx       
[   12.063486] async_tx: api initialized (async)
done.
Begin: Running /scripts/init-premount ... done.
Begin: Mounting root file system ... Begin: Running /scripts/local-top ... done.
Begin: Running /scripts/local-premount ... [   12.174204] Btrfs loaded, crc32c=crc32c-intel
Scanning for Btrfs filesystems
done.
Warning: fsck not present, so skipping root file system
[   12.230374] EXT4-fs (sda1): INFO: recovery required on readonly filesystem
[   12.237935] EXT4-fs (sda1): write access will be enabled during recovery
[   12.325990] EXT4-fs (sda1): recovery complete
[   12.343146] EXT4-fs (sda1): mounted filesystem with ordered data mode. Opts: (null)
done.
Begin: Running /scripts/local-bottom ... done.
Begin: Running /scripts/init-bottom ... done.
[   12.582534] ip_tables: (C) 2000-2006 Netfilter Core Team
[   13.823926] systemd[1]: systemd 237 running in system mode. (+PAM +AUDIT +SELINUX +IMA +APPARMOR +SMACK +SYSVINIT +UTMP +LIBCRYPTSETUP +GCRYPT +GNUTLS +ACL +XZ +LZ4 +SECCOMP +BLKID +ELFUTILS +KMOD -IDN2 +IDN -PCRE2 default-hierarchy=hybrid)
[   16.109451] systemd[1]: Detected virtualization oracle.
[   16.117897] systemd[1]: Detected architecture x86-64.

Welcome to [1mUbuntu 18.04.3 LTS[0m!

[   16.139214] systemd[1]: Set hostname to <ubuntu-bionic>.
[   16.606975] systemd[1]: Started Forward Password Requests to Wall Directory Watch.
[[0;32m  OK  [0m] Started Forward Password Requests to Wall Directory Watch.
[   16.622739] systemd[1]: Reached target System Time Synchronized.
[[0;32m  OK  [0m] Reached target System Time Synchronized.
[   16.645277] systemd[1]: Reached target Swap.
[[0;32m  OK  [0m] Reached target Swap.
[   17.229511] systemd[1]: Created slice User and Session Slice.
[[0;32m  OK  [0m] Created slice User and Session Slice.
[   17.373203] systemd[1]: Created slice System Slice.
[[0;32m  OK  [0m] Created slice System Slice.
[   17.421031] systemd[1]: Created slice system-postgresql.slice.
[[0;32m  OK  [0m] Created slice system-postgresql.slice.
[[0;32m  OK  [0m] Listening on udev Kernel Socket.
[[0;32m  OK  [0m] Listening on Device-mapper event daemon FIFOs.
[[0;32m  OK  [0m] Listening on /dev/initctl Compatibility Named Pipe.
[[0;32m  OK  [0m] Listening on Network Service Netlink Socket.
[[0;32m  OK  [0m] Listening on udev Control Socket.
[[0;32m  OK  [0m] Listening on LVM2 poll daemon socket.
[[0;32m  OK  [0m] Listening on Journal Audit Socket.
[[0;32m  OK  [0m] Reached target Slices.
[[0;32m  OK  [0m] Created slice system-serial\x2dgetty.slice.
[[0;32m  OK  [0m] Reached target User and Group Name Lookups.
[[0;32m  OK  [0m] Listening on Syslog Socket.
[[0;32m  OK  [0m] Set up automount Arbitrary Executab…rmats File System Automount Point.
[[0;32m  OK  [0m] Listening on LVM2 metadata daemon socket.
[[0;32m  OK  [0m] Listening on Journal Socket.
         Mounting Huge Pages File System...
         Starting Load Kernel Modules...
[   17.792361] Loading iSCSI transport class v2.0-870.
[   19.029318] systemd[1]: Mounting POSIX Message Queue File System...
         Mounting POSIX Message Queue File System...
[   19.054178] random: crng init done
[   19.058621] random: 7 urandom warning(s) missed due to ratelimiting
[   19.095515] systemd[1]: Starting Set the console keyboard layout...
         Startin[   19.111797] iscsi: registered transport (tcp)
g Set the console keyboard layout...
[   19.151645] systemd[1]: Starting udev Coldplug all Devices...
         Starting udev Coldplug all Devices...
[   19.221311] systemd[1]: Starting Monitoring of LVM2 mirrors, snapshots etc. using dmeventd or progress polling...
         Starting Monitoring of LVM2 mirrors…ng dmeventd or progress polling...
[   19.363776] systemd[1]: Starting Remount Root and Kernel File Systems...
         Starting Remount Root and Kernel File Systems...
[   19.462164] systemd[1]: Mounting Kernel Debug File System...
         Mounting Kernel Debug File Syste[   19.500915] EXT4-fs (sda1): re-mounted. Opts: (null)
m...
[   20.256042] systemd[1]: Starting Create list of required static device nodes for the current kernel...
         Starting Create list of required st…ce nodes for the current k[   20.315839] iscsi: registered transport (iser)
ernel...
[   20.387001] systemd[1]: Starting Uncomplicated firewall...
         Starting Uncomplicated firewall...
[   20.488737] systemd[1]: Listening on Journal Socket (/dev/log).
[[0;32m  OK  [0m] Listening on Journal Socket (/dev/log).
[   20.516379] systemd[1]: Starting Journal Service...
         Starting Journal Service...
[[0;32m  OK  [0m] Mounted Huge Pages File System.
[[0;32m  OK  [0m] Started Load Kernel Modules.
[[0;32m  OK  [0m] Started Journal Service.
[[0;32m  OK  [0m] Mounted POSIX Message Queue File System.
[[0;32m  OK  [0m] Started Set the console keyboard layout.
[[0;32m  OK  [0m] Started Remount Root and Kernel File Systems.
[[0;32m  OK  [0m] Mounted Kernel Debug File System.
[[0;32m  OK  [0m] Started Create list of required sta…vice nodes for the current kernel.
[[0;32m  OK  [0m] Started Uncomplicated firewall.
[[0;32m  OK  [0m] Started udev Coldplug all Devices.
[[0;32m  OK  [0m] Started LVM2 metadata daemon.
         Starting Create Static Device Nodes in /dev...
         Starting Load/Save Random Seed...
         Starting Flush Journal to Persistent Storage...
         Starting Apply Kernel Variables...
         Mounting Kernel Configuration File System...
         Mounting FUSE Control File System...
[[0;32m  OK  [0m] Started Monitoring of LVM2 mirrors,…sing dmeventd or progress polling.
[[0;32m  OK  [0m] Started Create Static Device Nodes in /dev.
[[0;32m  OK  [0m] Started Load/Save Random Seed.
[[0;32m  OK  [0m] Started Apply Kernel Variables.
[[0;32m  OK  [0m] Mounted Kernel Configuration File System.
[[0;32m  OK  [0m] Mounted FUSE Control File System.
         Starting udev Kernel Device Manager...
[[0;32m  OK  [0m] Reached target Local File Systems (Pre).
         Mounting Mount unit for core, revision 7396...
         Mounting Mount unit for heroku, revision 3805...
         Mounting Mount unit for core, revision 7713...
         Mounting Mount unit for heroku, revision 3799...
[[0;32m  OK  [0m] Reached target Local File Systems.
         Starting Set console font and keymap...
         Starting AppArmor initialization...
         Starting ebtables ruleset management...
         Starting Tell Plymouth To Write Out Runtime Data...
[[0;32m  OK  [0m] Started udev Kernel Device Manager.
[[0;32m  OK  [0m] Started Flush Journal to Persistent Storage.
[[0;32m  OK  [0m] Mounted Mount unit for core, revision 7396.
[[0;32m  OK  [0m] Mounted Mount unit for heroku, revision 3805.
[[0;32m  OK  [0m] Mounted Mount unit for core, revision 7713.
[[0;32m  OK  [0m] Mounted Mount unit for heroku, revision 3799.
[[0;32m  OK  [0m] Started Set console font and keymap.
[[0;32m  OK  [0m] Started Tell Plymouth To Write Out Runtime Data.
[[0;32m  OK  [0m] Found device /dev/ttyS0.
[[0;32m  OK  [0m] Started ebtables ruleset management.
[[0;32m  OK  [0m] Listening on Load/Save RF Kill Switch Status /dev/rfkill Watch.
         Starting Create Volatile Files and Directories...
[[0;32m  OK  [0m] Started Dispatch Password Requests to Console Directory Watch.
[[0;32m  OK  [0m] Reached target Local Encrypted Volumes.
[[0;32m  OK  [0m] Started Create Volatile Files and Directories.
[[0;32m  OK  [0m] Started AppArmor initialization.
         Starting Update UTMP about System Boot/Shutdown...
         Starting Initial cloud-init job (pre-networking)...
[[0;32m  OK  [0m] Started Update UTMP about System Boot/Shutdown.
[   23.860574] cloud-init[586]: Cloud-init v. 19.1-1-gbaa47854-0ubuntu1~18.04.1 running 'init-local' at Sun, 22 Sep 2019 23:43:11 +0000. Up 23.42 seconds.
[[0;32m  OK  [0m] Started Initial cloud-init job (pre-networking).
[[0;32m  OK  [0m] Reached target Network (Pre).
         Starting Network Service...
[[0;32m  OK  [0m] Started Network Service.
         Starting Wait for Network to be Configured...
         Starting Network Name Resolution...
[[0;32m  OK  [0m] Started Network Name Resolution.
[[0;32m  OK  [0m] Reached target Host and Network Name Lookups.
[[0;32m  OK  [0m] Reached target Network.
[[0;32m  OK  [0m] Started Wait for Network to be Configured.
         Starting Initial cloud-init job (metadata service crawler)...
[   26.352720] cloud-init[729]: Cloud-init v. 19.1-1-gbaa47854-0ubuntu1~18.04.1 running 'init' at Sun, 22 Sep 2019 23:43:13 +0000. Up 26.11 seconds.
[   26.392325] cloud-init[729]: ci-info: ++++++++++++++++++++++++++++++++++++++Net device info++++++++++++++++++++++++++++++++++++++
[   26.444315] cloud-init[729]: ci-info: +--------+------+----------------------------+---------------+--------+-------------------+
[   26.496666] cloud-init[729]: ci-info: | Device |  Up  |          Address           |      Mask     | Scope  |     Hw-Address    |
[   26.544400] cloud-init[729]: ci-info: +--------+------+----------------------------+---------------+--------+-------------------+
[   26.567581] cloud-init[729]: ci-info: | enp0s3 | True |         10.0.2.15          | 255.255.255.0 | global | 02:19:d6:3c:94:c8 |
[   26.624638] cloud-init[729]: ci-info: | enp0s3 | True | fe80::19:d6ff:fe3c:94c8/64 |       .       |  link  | 02:19:d6:3c:94:c8 |
[   26.658404] cloud-init[729]: ci-info: |   lo   | True |         127.0.0.1          |   255.0.0.0   |  host  |         .         |
[   26.668571] cloud-init[729]: ci-info: |   lo   | True |          ::1/128           |       .       |  host  |         .         |
[   26.675426] cloud-init[729]: ci-info: +--------+------+----------------------------+---------------+--------+-------------------+
[   26.682431] cloud-init[729]: ci-info: ++++++++++++++++++++++++++++Route IPv4 info+++++++++++++++++++++++++++++
[[   26.709110] cloud-init[729]: ci-info: +-------+-------------+----------+-----------------+-----------+-------+
[   26.709506] cloud-init[729]: ci-info: | Route | Destination | Gateway  |     Genmask     | Interface | Flags |
[   26.710394] cloud-init[729]: ci-info: +-------+-------------+----------+-----------------+-----------+-------+
[   26.711290] cloud-init[729]: ci-info: |   0   |   0.0.0.0   | 10.0.2.2 |     0.0.0.0     |   enp0s3  |   UG  |
[   26.711891] cloud-init[729]: ci-info: |   1   |   10.0.2.0  | 0.0.0.0  |  255.255.255.0  |   enp0s3  |   U   |
[0;32m  OK  [0m] Started Initial cloud-init job (metadata service crawler).
[   26.712924] cloud-init[729]: ci-info: |   2   |   10.0.2.2  | 0.0.0.0  | 255.255.255.255 |   enp0s3  |   UH  |
[[   26.840973] cloud-init[729]: ci-info: +-------+-------------+----------+-----------------+-----------+-------+
[   26.841631] cloud-init[729]: ci-info: +++++++++++++++++++Route IPv6 info+++++++++++++++++++
[0;32m  OK  [0m] Reached target Network is Online.
[   26.842608] cloud-init[729]: ci-info: +-------+-------------+---------+-----------+-------+
[[   26.952771] cloud-init[729]: ci-info: | Route | Destination | Gateway | Interface | Flags |
[   26.953162] cloud-init[729]: ci-info: +-------+-------------+---------+-----------+-------+
[0;32m  OK  [0m] Reached target Remote File Systems (Pre).
[[   26.953956] cloud-init[729]: ci-info: |   1   |  fe80::/64  |    ::   |   enp0s3  |   U   |
[   27.025263] cloud-init[729]: ci-info: |   3   |    local    |    ::   |   enp0s3  |   U   |
[   27.025888] cloud-init[729]: ci-info: |   4   |   ff00::/8  |    ::   |   enp0s3  |   U   |
[0;32m  OK  [0m] Reached target Remote File Systems.
[   27.027517] cloud-init[729]: ci-info: +-------+-------------+---------+-----------+-------+
         Starting Availability of block devices...
[[0;32m  OK  [0m] Reached target Cloud-config availability.
[[0;32m  OK  [0m] Reached target System Initialization.
[[0;32m  OK  [0m] Listening on D-Bus System Message Bus Socket.
[[0;32m  OK  [0m] Started Discard unused blocks once a week.
[[0;32m  OK  [0m] Started Daily apt download activities.
         Starting Socket activation for snappy daemon.
[[0;32m  OK  [0m] Started Daily apt upgrade and clean activities.
[[0;32m  OK  [0m] Listening on UUID daemon activation socket.
[[0;32m  OK  [0m] Listening on ACPID Listen Socket.
[[0;32m  OK  [0m] Started Daily Cleanup of Temporary Directories.
[[0;32m  OK  [0m] Started Message of the Day.
         Starting LXD - unix socket.
[[0;32m  OK  [0m] Started ACPI Events Check.
[[0;32m  OK  [0m] Listening on Open-iSCSI iscsid Socket.
[[0;32m  OK  [0m] Reached target Paths.
[[0;32m  OK  [0m] Reached target Timers.
[[0;32m  OK  [0m] Started Availability of block devices.
[[0;32m  OK  [0m] Listening on Socket activation for snappy daemon.
[[0;32m  OK  [0m] Listening on LXD - unix socket.
[[0;32m  OK  [0m] Reached target Sockets.
[[0;32m  OK  [0m] Reached target Basic System.
         Starting PostgreSQL Cluster 10-main...
         Starting Resets System Activity Data Collector...
         Starting Permit User Sessions...
         Starting Dispatcher daemon for systemd-networkd...
[[0;32m  OK  [0m] Started irqbalance daemon.
[[0;32m  OK  [0m] Started Regular background program processing daemon.
         Starting LXD - container startup/shutdown...
         Starting Login Service...
[[0;32m  OK  [0m] Started FUSE filesystem for LXC.
         Starting Accounts Service...
         Starting LSB: automatic crash report generation...
         Starting OpenBSD Secure Shell server...
         Starting Virtualbox guest utils...
         Starting LSB: Record successful boot for GRUB...
         Starting System Logging Service...
[[0;32m  OK  [0m] Started Deferred execution scheduler.
[[0;32m  OK  [0m] Started D-Bus System Message Bus.
[[0;32m  OK  [0m] Started Login Service.
[[0;32m  OK  [0m] Started Unattended Upgrades Shutdown.
         Starting Snappy daemon...
[[0;32m  OK  [0m] Started System Logging Service.
[[0;32m  OK  [0m] Started Resets System Activity Data Collector.
[[0;32m  OK  [0m] Started Permit User Sessions.
[[0;32m  OK  [0m] Started OpenBSD Secure Shell server.
[[0;32m  OK  [0m] Started LXD - container startup/shutdown.
         Starting Authorization Manager...
         Starting Terminate Plymouth Boot Screen...
         Starting Hold until boot process finishes up...
[[0;32m  OK  [0m] Started Hold until boot process finishes up.
[[0;32m  OK  [0m] Started Terminate Plymouth Boot Screen.
         Starting Set console scheme...
[[0;32m  OK  [0m] Started Serial Getty on ttyS0.
[[0;32m  OK  [0m] Started Set console scheme.
[[0;32m  OK  [0m] Started LSB: automatic crash report generation.
[[0;32m  OK  [0m] Started Authorization Manager.
[[0;32m  OK  [0m] Started Accounts Service.
[[0;32m  OK  [0m] Created slice system-getty.slice.
[[0;32m  OK  [0m] Started Getty on tty1.
[[0;32m  OK  [0m] Reached target Login Prompts.
[[0;32m  OK  [0m] Started LSB: Record successful boot for GRUB.
[[0;32m  OK  [0m] Started Virtualbox guest utils.
[[0;32m  OK  [0m] Started Dispatcher daemon for systemd-networkd.
[[0;32m  OK  [0m] Started Snappy daemon.
         Starting Wait until snapd is fully seeded...
[[0;32m  OK  [0m] Started Wait until snapd is fully seeded.
         Starting Apply the settings specified in cloud-config...
[[0;32m  OK  [0m] Started PostgreSQL Cluster 10-main.
         Starting PostgreSQL RDBMS...
[[0;32m  OK  [0m] Started PostgreSQL RDBMS.
[[0;32m  OK  [0m] Reached target Multi-User System.
[[0;32m  OK  [0m] Reached target Graphical Interface.
         Starting Update UTMP about System Runlevel Changes...
[[0;32m  OK  [0m] Started Update UTMP about System Runlevel Changes.
[   31.994223] cloud-init[1142]: Cloud-init v. 19.1-1-gbaa47854-0ubuntu1~18.04.1 running 'modules:config' at Sun, 22 Sep 2019 23:43:19 +0000. Up 31.68 seconds.
[[0;32m  OK  [0m] Started Apply the settings specified in cloud-config.
         Starting Execute cloud user/final scripts...
[[0;32m  OK  [0m] Created slice User Slice of vagrant.
         Starting User Manager for UID 1000...
[[0;32m  OK  [0m] Started Session 1 of user vagrant.
[[0;32m  OK  [0m] Started User Manager for UID 1000.
[   33.802820] cloud-init[1207]: Cloud-init v. 19.1-1-gbaa47854-0ubuntu1~18.04.1 running 'modules:final' at Sun, 22 Sep 2019 23:43:21 +0000. Up 33.39 seconds.
[   33.803406] cloud-init[1207]: Cloud-init v. 19.1-1-gbaa47854-0ubuntu1~18.04.1 finished at Sun, 22 Sep 2019 23:43:21 +0000. Datasource DataSourceNoCloud [seed=/dev/sdb][dsmode=net].  Up 33.76 seconds

Ubuntu 18.04.3 LTS ubuntu-bionic ttyS0

ubuntu-bionic login: [[0;32m  OK  [0m] Stopped targ[[0;32m  OK  [0m] Stopped Dispatcher daemon for systemd-networkd.
[[0;32m  OK  [0m] Unmounted /var/lib/lxcfs.
[[0;32m  OK  [0m] Stopped irqbalance daemon.
[[0;32m  OK  [0m] Stopped Regular background program processing daemon.
[[0;32m  OK  [0m] Stopped Accounts Service.
[[0;32m  OK  [0m] Stopped System Logging Service.
[[0;32m  OK  [0m] Stopped Deferred execution scheduler.
[[0;32m  OK  [0m] Stopped Unattended Upgrades Shutdown.
[[0;32m  OK  [0m] Stopped Snappy daemon.
[[0;32m  OK  [0m] Stopped OpenBSD Secure Shell server.
[[0;32m  OK  [0m] Stopped Authorization Manager.
[[0;32m  OK  [0m] Stopped Serial Getty on ttyS0.
[[0;32m  OK  [0m] Stopped Getty on tty1.
[[0;32m  OK  [0m] Stopped User Manager for UID 1000.
[[0;32m  OK  [0m] Stopped Availability of block devices.
[[0;32m  OK  [0m] Stopped D-Bus System Message Bus.
[[0;32m  OK  [0m] Stopped FUSE filesystem for LXC.
[[0;32m  OK  [0m] Stopped Session 13 of user vagrant.
[[0;32m  OK  [0m] Stopped Session 3 of user vagrant.
[[0;32m  OK  [0m] Stopped PostgreSQL Cluster 10-main.
[[0;32m  OK  [0m] Removed slice system-postgresql.slice.
[[0;32m  OK  [0m] Removed slice User Slice of vagrant.
[[0;32m  OK  [0m] Removed slice system-getty.slice.
[[0;32m  OK  [0m] Removed slice system-serial\x2dgetty.slice.
         Stopping Permit User Sessions...
         Unmounting Mount unit for heroku, revision 3805...
         Unmounting Mount unit for heroku, revision 3799...
         Unmounting Mount unit for core, revision 7396...
         Unmounting Mount unit for core, revision 7713...
         Stopping Login Service...
[[0;32m  OK  [0m] Stopped LXD - container startup/shutdown.
[[0;32m  OK  [0m] Stopped LSB: Record successful boot for GRUB.
[[0;32m  OK  [0m] Stopped Virtualbox guest utils.
[[0;32m  OK  [0m] Stopped Login Service.
[[0;32m  OK  [0m] Stopped LSB: automatic crash report generation.
[[0;32m  OK  [0m] Stopped Permit User Sessions.
[[0;32m  OK  [0m] Unmounted Mount unit for heroku, revision 3805.
[[0;32m  OK  [0m] Unmounted Mount unit for heroku, revision 3799.
[[0;32m  OK  [0m] Unmounted Mount unit for core, revision 7396.
[[0;32m  OK  [0m] Unmounted Mount unit for core, revision 7713.
[[0;32m  OK  [0m] Stopped target Network.
         Stopping Network Name Resolution...
[[0;32m  OK  [0m] Stopped target Remote File Systems.
[[0;32m  OK  [0m] Stopped target Remote File Systems (Pre).
[[0;32m  OK  [0m] Stopped target User and Group Name Lookups.
[[0;32m  OK  [0m] Stopped target Basic System.
[[0;32m  OK  [0m] Stopped target Sockets.
[[0;32m  OK  [0m] Closed Open-iSCSI iscsid Socket.
[[0;32m  OK  [0m] Closed Socket activation for snappy daemon.
[[0;32m  OK  [0m] Closed D-Bus System Message Bus Socket.
[[0;32m  OK  [0m] Closed ACPID Listen Socket.
[[0;32m  OK  [0m] Closed Syslog Socket.
[[0;32m  OK  [0m] Closed UUID daemon activation socket.
[[0;32m  OK  [0m] Stopped target Paths.
[[0;32m  OK  [0m] Stopped ACPI Events Check.
[[0;32m  OK  [0m] Stopped target Slices.
[[0;32m  OK  [0m] Removed slice User and Session Slice.
[[0;32m  OK  [0m] Closed LXD - unix socket.
[[0;32m  OK  [0m] Stopped target System Initialization.
         Stopping Update UTMP about System Boot/Shutdown...
         Stopping Load/Save Random Seed...
[[0;32m  OK  [0m] Stopped target Local Encrypted Volumes.
[[0;32m  OK  [0m] Stopped Dispatch Password Requests to Console Directory Watch.
[[0;32m  OK  [0m] Stopped Forward Password Requests to Wall Directory Watch.
[[0;32m  OK  [0m] Stopped Initial cloud-init job (metadata service crawler).
[[0;32m  OK  [0m] Stopped Wait for Network to be Configured.
[[0;32m  OK  [0m] Stopped Network Name Resolution.
[[0;32m  OK  [0m] Stopped Load/Save Random Seed.
         Stopping Network Service...
[[0;32m  OK  [0m] Stopped Update UTMP about System Boot/Shutdown.
[[0;32m  OK  [0m] Stopped Create Volatile Files and Directories.
[[0;32m  OK  [0m] Stopped target Local File Systems.
         Unmounting /home/vagrant/workspace...
         Unmounting /vagrant...
         Unmounting /run/user/1000...
[[0;32m  OK  [0m] Unmounted /vagrant.
[[0;32m  OK  [0m] Stopped Network Service.
[[0;32m  OK  [0m] Unmounted /home/vagrant/workspace.
[[0;32m  OK  [0m] Unmounted /run/user/1000.
[[0;32m  OK  [0m] Stopped target Swap.
[[0;32m  OK  [0m] Reached target Unmount All Filesystems.
[[0;32m  OK  [0m] Stopped target Local File Systems (Pre).
[[0;32m  OK  [0m] Stopped Create Static Device Nodes in /dev.
         Stopping Monitoring of LVM2 mirrors…ng dmeventd or progress polling...
[[0;32m  OK  [0m] Stopped target Network (Pre).
[[0;32m  OK  [0m] Stopped Initial cloud-init job (pre-networking).
[[0;32m  OK  [0m] Stopped Remount Root and Kernel File Systems.
[[0;32m  OK  [0m] Stopped Apply Kernel Variables.
[[0;32m  OK  [0m] Stopped Load Kernel Modules.
[[0;32m  OK  [0m] Reached target Shutdown.
[[0;32m  OK  [0m] Reached target Final Step.
         Starting Power-Off...
[[0;32m  OK  [0m] Stopped Monitoring of LVM2 mirrors,…sing dmeventd or progress polling.
         Stopping LVM2 metadata daemon...
[[0;32m  OK  [0m] Stopped LVM2 metadata daemon.
[ 3462.908214] reboot: Power down
